# JRE version: OpenJDK Runtime Environment (17.0.14+7) (build 17.0.14+7-Ubuntu-124.04)
# Java VM: OpenJDK 64-Bit Server VM (17.0.14+7-Ubuntu-124.04, mixed mode, sharing, tiered, compressed oops, compressed class ptrs, g1 gc, linux-aarch64)
Heap:
 garbage-first heap   total 344064K, used 295043K [0x0000000617400000, 0x0000000800000000)
  region size 4096K, 4 young (16384K), 1 survivors (4096K)
 Metaspace       used 11942K, committed 12224K, reserved 1114112K
  class space    used 1396K, committed 1536K, reserved 1048576K
GC Heap History (20 events):
Event: 10610.003 GC heap before
{Heap before GC invocations=7150 (full 0):
 garbage-first heap   total 344064K, used 266024K [0x0000000617400000, 0x0000000800000000)
  region size 4096K, 6 young (24576K), 1 survivors (4096K)
 Metaspace       used 11942K, committed 12224K, reserved 1114112K
  class space    used 1396K, committed 1536K, reserved 1048576K
}
Event: 10610.011 GC heap after
{Heap after GC invocations=7151 (full 0):
 garbage-first heap   total 344064K, used 253714K [0x0000000617400000, 0x0000000800000000)
  region size 4096K, 1 young (4096K), 1 survivors (4096K)
 Metaspace       used 11942K, committed 12224K, reserved 1114112K
  class space    used 1396K, committed 1536K, reserved 1048576K
}
Event: 10610.881 GC heap before
{Heap before GC invocations=7151 (full 0):
 garbage-first heap   total 344064K, used 270098K [0x0000000617400000, 0x0000000800000000)
  region size 4096K, 5 young (20480K), 1 survivors (4096K)
 Metaspace       used 11942K, committed 12224K, reserved 1114112K
  class space    used 1396K, committed 1536K, reserved 1048576K
}
Event: 10610.887 GC heap after
{Heap after GC invocations=7152 (full 0):
 garbage-first heap   total 344064K, used 259526K [0x0000000617400000, 0x0000000800000000)
  region size 4096K, 1 young (4096K), 1 survivors (4096K)
 Metaspace       used 11942K, committed 12224K, reserved 1114112K
  class space    used 1396K, committed 1536K, reserved 1048576K
}
Event: 10611.757 GC heap before
{Heap before GC invocations=7152 (full 0):
 garbage-first heap   total 344064K, used 275910K [0x0000000617400000, 0x0000000800000000)
  region size 4096K, 5 young (20480K), 1 survivors (4096K)
 Metaspace       used 11942K, committed 12224K, reserved 1114112K
  class space    used 1396K, committed 1536K, reserved 1048576K
}
Event: 10611.764 GC heap after
{Heap after GC invocations=7153 (full 0):
 garbage-first heap   total 344064K, used 265239K [0x0000000617400000, 0x0000000800000000)
  region size 4096K, 1 young (4096K), 1 survivors (4096K)
 Metaspace       used 11942K, committed 12224K, reserved 1114112K
  class space    used 1396K, committed 1536K, reserved 1048576K
}
Event: 10612.442 GC heap before
{Heap before GC invocations=7153 (full 0):
 garbage-first heap   total 344064K, used 277527K [0x0000000617400000, 0x0000000800000000)
  region size 4096K, 4 young (16384K), 1 survivors (4096K)
 Metaspace       used 11942K, committed 12224K, reserved 1114112K
  class space    used 1396K, committed 1536K, reserved 1048576K
}
Event: 10612.447 GC heap after
{Heap after GC invocations=7154 (full 0):
 garbage-first heap   total 344064K, used 268116K [0x0000000617400000, 0x0000000800000000)
  region size 4096K, 1 young (4096K), 1 survivors (4096K)
 Metaspace       used 11942K, committed 12224K, reserved 1114112K
  class space    used 1396K, committed 1536K, reserved 1048576K
}
Event: 10613.127 GC heap before
{Heap before GC invocations=7154 (full 0):
 garbage-first heap   total 344064K, used 280404K [0x0000000617400000, 0x0000000800000000)
  region size 4096K, 4 young (16384K), 1 survivors (4096K)
 Metaspace       used 11942K, committed 12224K, reserved 1114112K
  class space    used 1396K, committed 1536K, reserved 1048576K
}
Event: 10613.132 GC heap after
{Heap after GC invocations=7155 (full 0):
 garbage-first heap   total 344064K, used 271033K [0x0000000617400000, 0x0000000800000000)
  region size 4096K, 1 young (4096K), 1 survivors (4096K)
 Metaspace       used 11942K, committed 12224K, reserved 1114112K
  class space    used 1396K, committed 1536K, reserved 1048576K
}
Event: 10613.796 GC heap before
{Heap before GC invocations=7155 (full 0):
 garbage-first heap   total 344064K, used 283321K [0x0000000617400000, 0x0000000800000000)
  region size 4096K, 4 young (16384K), 1 survivors (4096K)
 Metaspace       used 11942K, committed 12224K, reserved 1114112K
  class space    used 1396K, committed 1536K, reserved 1048576K
}
Event: 10613.800 GC heap after
{Heap after GC invocations=7156 (full 0):
 garbage-first heap   total 344064K, used 273792K [0x0000000617400000, 0x0000000800000000)
  region size 4096K, 1 young (4096K), 1 survivors (4096K)
 Metaspace       used 11942K, committed 12224K, reserved 1114112K
  class space    used 1396K, committed 1536K, reserved 1048576K
}
Event: 10614.502 GC heap before
{Heap before GC invocations=7156 (full 0):
 garbage-first heap   total 344064K, used 286080K [0x0000000617400000, 0x0000000800000000)
  region size 4096K, 4 young (16384K), 1 survivors (4096K)
 Metaspace       used 11942K, committed 12224K, reserved 1114112K
  class space    used 1396K, committed 1536K, reserved 1048576K
}
Event: 10614.507 GC heap after
{Heap after GC invocations=7157 (full 0):
 garbage-first heap   total 344064K, used 276587K [0x0000000617400000, 0x0000000800000000)
  region size 4096K, 1 young (4096K), 1 survivors (4096K)
 Metaspace       used 11942K, committed 12224K, reserved 1114112K
  class space    used 1396K, committed 1536K, reserved 1048576K
}
Event: 10615.182 GC heap before
{Heap before GC invocations=7157 (full 0):
 garbage-first heap   total 344064K, used 288875K [0x0000000617400000, 0x0000000800000000)
  region size 4096K, 4 young (16384K), 1 survivors (4096K)
 Metaspace       used 11942K, committed 12224K, reserved 1114112K
  class space    used 1396K, committed 1536K, reserved 1048576K
}
Event: 10615.187 GC heap after
{Heap after GC invocations=7158 (full 0):
 garbage-first heap   total 344064K, used 279425K [0x0000000617400000, 0x0000000800000000)
  region size 4096K, 1 young (4096K), 1 survivors (4096K)
 Metaspace       used 11942K, committed 12224K, reserved 1114112K
  class space    used 1396K, committed 1536K, reserved 1048576K
}
Event: 10615.860 GC heap before
{Heap before GC invocations=7158 (full 0):
 garbage-first heap   total 344064K, used 291713K [0x0000000617400000, 0x0000000800000000)
  region size 4096K, 4 young (16384K), 1 survivors (4096K)
 Metaspace       used 11942K, committed 12224K, reserved 1114112K
  class space    used 1396K, committed 1536K, reserved 1048576K
}
Event: 10615.865 GC heap after
{Heap after GC invocations=7159 (full 0):
 garbage-first heap   total 344064K, used 282287K [0x0000000617400000, 0x0000000800000000)
  region size 4096K, 1 young (4096K), 1 survivors (4096K)
 Metaspace       used 11942K, committed 12224K, reserved 1114112K
  class space    used 1396K, committed 1536K, reserved 1048576K
}
Event: 10616.577 GC heap before
{Heap before GC invocations=7159 (full 0):
 garbage-first heap   total 344064K, used 294575K [0x0000000617400000, 0x0000000800000000)
  region size 4096K, 4 young (16384K), 1 survivors (4096K)
 Metaspace       used 11942K, committed 12224K, reserved 1114112K
  class space    used 1396K, committed 1536K, reserved 1048576K
}
Event: 10616.582 GC heap after
{Heap after GC invocations=7160 (full 0):
 garbage-first heap   total 344064K, used 285124K [0x0000000617400000, 0x0000000800000000)
  region size 4096K, 1 young (4096K), 1 survivors (4096K)
 Metaspace       used 11942K, committed 12224K, reserved 1114112K
  class space    used 1396K, committed 1536K, reserved 1048576K
}

