# JRE version: OpenJDK Runtime Environment (17.0.14+7) (build 17.0.14+7-Ubuntu-124.04)
# Java VM: OpenJDK 64-Bit Server VM (17.0.14+7-Ubuntu-124.04, mixed mode, emulated-client, sharing, tiered, compressed oops, compressed class ptrs, serial gc, linux-aarch64)
Heap:
 def new generation   total 2560K, used 2067K [0x00000000fc000000, 0x00000000fc2c0000, 0x00000000fd550000)
  eden space 2304K,  78% used [0x00000000fc000000, 0x00000000fc1c4d50, 0x00000000fc240000)
  from space 256K,  99% used [0x00000000fc280000, 0x00000000fc2bfff8, 0x00000000fc2c0000)
  to   space 256K,   0% used [0x00000000fc240000, 0x00000000fc240000, 0x00000000fc280000)
 tenured generation   total 5504K, used 5056K [0x00000000fd550000, 0x00000000fdab0000, 0x0000000100000000)
   the space 5504K,  91% used [0x00000000fd550000, 0x00000000fda400e0, 0x00000000fda40200, 0x00000000fdab0000)
 Metaspace       used 6842K, committed 7104K, reserved 1114112K
  class space    used 982K, committed 1088K, reserved 1048576K
GC Heap History (20 events):
Event: 1432.085 GC heap before
{Heap before GC invocations=3259 (full 1624):
 def new generation   total 2560K, used 2304K [0x00000000fc000000, 0x00000000fc2c0000, 0x00000000fd550000)
  eden space 2304K, 100% used [0x00000000fc000000, 0x00000000fc240000, 0x00000000fc240000)
  from space 256K,   0% used [0x00000000fc240000, 0x00000000fc240000, 0x00000000fc280000)
  to   space 256K,   0% used [0x00000000fc280000, 0x00000000fc280000, 0x00000000fc2c0000)
 tenured generation   total 5504K, used 4112K [0x00000000fd550000, 0x00000000fdab0000, 0x0000000100000000)
   the space 5504K,  74% used [0x00000000fd550000, 0x00000000fd954180, 0x00000000fd954200, 0x00000000fdab0000)
 Metaspace       used 6842K, committed 7104K, reserved 1114112K
  class space    used 982K, committed 1088K, reserved 1048576K
}
Event: 1432.089 GC heap after
{Heap after GC invocations=3260 (full 1624):
 def new generation   total 2560K, used 255K [0x00000000fc000000, 0x00000000fc2c0000, 0x00000000fd550000)
  eden space 2304K,   0% used [0x00000000fc000000, 0x00000000fc000000, 0x00000000fc240000)
  from space 256K,  99% used [0x00000000fc280000, 0x00000000fc2bfff8, 0x00000000fc2c0000)
  to   space 256K,   0% used [0x00000000fc240000, 0x00000000fc240000, 0x00000000fc280000)
 tenured generation   total 5504K, used 5019K [0x00000000fd550000, 0x00000000fdab0000, 0x0000000100000000)
   the space 5504K,  91% used [0x00000000fd550000, 0x00000000fda36d50, 0x00000000fda36e00, 0x00000000fdab0000)
 Metaspace       used 6842K, committed 7104K, reserved 1114112K
  class space    used 982K, committed 1088K, reserved 1048576K
}
Event: 1432.522 GC heap before
{Heap before GC invocations=3260 (full 1624):
 def new generation   total 2560K, used 2559K [0x00000000fc000000, 0x00000000fc2c0000, 0x00000000fd550000)
  eden space 2304K, 100% used [0x00000000fc000000, 0x00000000fc240000, 0x00000000fc240000)
  from space 256K,  99% used [0x00000000fc280000, 0x00000000fc2bfff8, 0x00000000fc2c0000)
  to   space 256K,   0% used [0x00000000fc240000, 0x00000000fc240000, 0x00000000fc280000)
 tenured generation   total 5504K, used 5019K [0x00000000fd550000, 0x00000000fdab0000, 0x0000000100000000)
   the space 5504K,  91% used [0x00000000fd550000, 0x00000000fda36d50, 0x00000000fda36e00, 0x00000000fdab0000)
 Metaspace       used 6842K, committed 7104K, reserved 1114112K
  class space    used 982K, committed 1088K, reserved 1048576K
}
Event: 1432.526 GC heap after
{Heap after GC invocations=3261 (full 1624):
 def new generation   total 2560K, used 256K [0x00000000fc000000, 0x00000000fc2c0000, 0x00000000fd550000)
  eden space 2304K,   0% used [0x00000000fc000000, 0x00000000fc000000, 0x00000000fc240000)
  from space 256K, 100% used [0x00000000fc240000, 0x00000000fc280000, 0x00000000fc280000)
  to   space 256K,   0% used [0x00000000fc280000, 0x00000000fc280000, 0x00000000fc2c0000)
 tenured generation   total 6080K, used 5932K [0x00000000fd550000, 0x00000000fdb40000, 0x0000000100000000)
   the space 6080K,  97% used [0x00000000fd550000, 0x00000000fdb1b1f8, 0x00000000fdb1b200, 0x00000000fdb40000)
 Metaspace       used 6842K, committed 7104K, reserved 1114112K
  class space    used 982K, committed 1088K, reserved 1048576K
}
Event: 1432.526 GC heap before
{Heap before GC invocations=3261 (full 1624):
 def new generation   total 2560K, used 256K [0x00000000fc000000, 0x00000000fc2c0000, 0x00000000fd550000)
  eden space 2304K,   0% used [0x00000000fc000000, 0x00000000fc000000, 0x00000000fc240000)
  from space 256K, 100% used [0x00000000fc240000, 0x00000000fc280000, 0x00000000fc280000)
  to   space 256K,   0% used [0x00000000fc280000, 0x00000000fc280000, 0x00000000fc2c0000)
 tenured generation   total 6080K, used 5932K [0x00000000fd550000, 0x00000000fdb40000, 0x0000000100000000)
   the space 6080K,  97% used [0x00000000fd550000, 0x00000000fdb1b1f8, 0x00000000fdb1b200, 0x00000000fdb40000)
 Metaspace       used 6842K, committed 7104K, reserved 1114112K
  class space    used 982K, committed 1088K, reserved 1048576K
}
Event: 1432.537 GC heap after
{Heap after GC invocations=3261 (full 1625):
 def new generation   total 2560K, used 0K [0x00000000fc000000, 0x00000000fc2c0000, 0x00000000fd550000)
  eden space 2304K,   0% used [0x00000000fc000000, 0x00000000fc000000, 0x00000000fc240000)
  from space 256K,   0% used [0x00000000fc240000, 0x00000000fc240000, 0x00000000fc280000)
  to   space 256K,   0% used [0x00000000fc280000, 0x00000000fc280000, 0x00000000fc2c0000)
 tenured generation   total 5504K, used 4119K [0x00000000fd550000, 0x00000000fdab0000, 0x0000000100000000)
   the space 5504K,  74% used [0x00000000fd550000, 0x00000000fd955d80, 0x00000000fd955e00, 0x00000000fdab0000)
 Metaspace       used 6842K, committed 7104K, reserved 1114112K
  class space    used 982K, committed 1088K, reserved 1048576K
}
Event: 1432.972 GC heap before
{Heap before GC invocations=3261 (full 1625):
 def new generation   total 2560K, used 2304K [0x00000000fc000000, 0x00000000fc2c0000, 0x00000000fd550000)
  eden space 2304K, 100% used [0x00000000fc000000, 0x00000000fc240000, 0x00000000fc240000)
  from space 256K,   0% used [0x00000000fc240000, 0x00000000fc240000, 0x00000000fc280000)
  to   space 256K,   0% used [0x00000000fc280000, 0x00000000fc280000, 0x00000000fc2c0000)
 tenured generation   total 5504K, used 4119K [0x00000000fd550000, 0x00000000fdab0000, 0x0000000100000000)
   the space 5504K,  74% used [0x00000000fd550000, 0x00000000fd955d80, 0x00000000fd955e00, 0x00000000fdab0000)
 Metaspace       used 6842K, committed 7104K, reserved 1114112K
  class space    used 982K, committed 1088K, reserved 1048576K
}
Event: 1432.976 GC heap after
{Heap after GC invocations=3262 (full 1625):
 def new generation   total 2560K, used 256K [0x00000000fc000000, 0x00000000fc2c0000, 0x00000000fd550000)
  eden space 2304K,   0% used [0x00000000fc000000, 0x00000000fc000000, 0x00000000fc240000)
  from space 256K, 100% used [0x00000000fc280000, 0x00000000fc2c0000, 0x00000000fc2c0000)
  to   space 256K,   0% used [0x00000000fc240000, 0x00000000fc240000, 0x00000000fc280000)
 tenured generation   total 5504K, used 5033K [0x00000000fd550000, 0x00000000fdab0000, 0x0000000100000000)
   the space 5504K,  91% used [0x00000000fd550000, 0x00000000fda3a700, 0x00000000fda3a800, 0x00000000fdab0000)
 Metaspace       used 6842K, committed 7104K, reserved 1114112K
  class space    used 982K, committed 1088K, reserved 1048576K
}
Event: 1433.390 GC heap before
{Heap before GC invocations=3262 (full 1625):
 def new generation   total 2560K, used 2560K [0x00000000fc000000, 0x00000000fc2c0000, 0x00000000fd550000)
  eden space 2304K, 100% used [0x00000000fc000000, 0x00000000fc240000, 0x00000000fc240000)
  from space 256K, 100% used [0x00000000fc280000, 0x00000000fc2c0000, 0x00000000fc2c0000)
  to   space 256K,   0% used [0x00000000fc240000, 0x00000000fc240000, 0x00000000fc280000)
 tenured generation   total 5504K, used 5033K [0x00000000fd550000, 0x00000000fdab0000, 0x0000000100000000)
   the space 5504K,  91% used [0x00000000fd550000, 0x00000000fda3a700, 0x00000000fda3a800, 0x00000000fdab0000)
 Metaspace       used 6842K, committed 7104K, reserved 1114112K
  class space    used 982K, committed 1088K, reserved 1048576K
}
Event: 1433.395 GC heap after
{Heap after GC invocations=3263 (full 1625):
 def new generation   total 2560K, used 255K [0x00000000fc000000, 0x00000000fc2c0000, 0x00000000fd550000)
  eden space 2304K,   0% used [0x00000000fc000000, 0x00000000fc000000, 0x00000000fc240000)
  from space 256K,  99% used [0x00000000fc240000, 0x00000000fc27fff8, 0x00000000fc280000)
  to   space 256K,   0% used [0x00000000fc280000, 0x00000000fc280000, 0x00000000fc2c0000)
 tenured generation   total 6080K, used 5947K [0x00000000fd550000, 0x00000000fdb40000, 0x0000000100000000)
   the space 6080K,  97% used [0x00000000fd550000, 0x00000000fdb1ee60, 0x00000000fdb1f000, 0x00000000fdb40000)
 Metaspace       used 6842K, committed 7104K, reserved 1114112K
  class space    used 982K, committed 1088K, reserved 1048576K
}
Event: 1433.395 GC heap before
{Heap before GC invocations=3263 (full 1625):
 def new generation   total 2560K, used 255K [0x00000000fc000000, 0x00000000fc2c0000, 0x00000000fd550000)
  eden space 2304K,   0% used [0x00000000fc000000, 0x00000000fc000000, 0x00000000fc240000)
  from space 256K,  99% used [0x00000000fc240000, 0x00000000fc27fff8, 0x00000000fc280000)
  to   space 256K,   0% used [0x00000000fc280000, 0x00000000fc280000, 0x00000000fc2c0000)
 tenured generation   total 6080K, used 5947K [0x00000000fd550000, 0x00000000fdb40000, 0x0000000100000000)
   the space 6080K,  97% used [0x00000000fd550000, 0x00000000fdb1ee60, 0x00000000fdb1f000, 0x00000000fdb40000)
 Metaspace       used 6842K, committed 7104K, reserved 1114112K
  class space    used 982K, committed 1088K, reserved 1048576K
}
Event: 1433.407 GC heap after
{Heap after GC invocations=3263 (full 1626):
 def new generation   total 2560K, used 0K [0x00000000fc000000, 0x00000000fc2c0000, 0x00000000fd550000)
  eden space 2304K,   0% used [0x00000000fc000000, 0x00000000fc000000, 0x00000000fc240000)
  from space 256K,   0% used [0x00000000fc240000, 0x00000000fc240000, 0x00000000fc280000)
  to   space 256K,   0% used [0x00000000fc280000, 0x00000000fc280000, 0x00000000fc2c0000)
 tenured generation   total 5504K, used 4131K [0x00000000fd550000, 0x00000000fdab0000, 0x0000000100000000)
   the space 5504K,  75% used [0x00000000fd550000, 0x00000000fd958ce8, 0x00000000fd958e00, 0x00000000fdab0000)
 Metaspace       used 6842K, committed 7104K, reserved 1114112K
  class space    used 982K, committed 1088K, reserved 1048576K
}
Event: 1433.824 GC heap before
{Heap before GC invocations=3263 (full 1626):
 def new generation   total 2560K, used 2303K [0x00000000fc000000, 0x00000000fc2c0000, 0x00000000fd550000)
  eden space 2304K,  99% used [0x00000000fc000000, 0x00000000fc23fff0, 0x00000000fc240000)
  from space 256K,   0% used [0x00000000fc240000, 0x00000000fc240000, 0x00000000fc280000)
  to   space 256K,   0% used [0x00000000fc280000, 0x00000000fc280000, 0x00000000fc2c0000)
 tenured generation   total 5504K, used 4131K [0x00000000fd550000, 0x00000000fdab0000, 0x0000000100000000)
   the space 5504K,  75% used [0x00000000fd550000, 0x00000000fd958ce8, 0x00000000fd958e00, 0x00000000fdab0000)
 Metaspace       used 6842K, committed 7104K, reserved 1114112K
  class space    used 982K, committed 1088K, reserved 1048576K
}
Event: 1433.828 GC heap after
{Heap after GC invocations=3264 (full 1626):
 def new generation   total 2560K, used 255K [0x00000000fc000000, 0x00000000fc2c0000, 0x00000000fd550000)
  eden space 2304K,   0% used [0x00000000fc000000, 0x00000000fc000000, 0x00000000fc240000)
  from space 256K,  99% used [0x00000000fc280000, 0x00000000fc2bfff8, 0x00000000fc2c0000)
  to   space 256K,   0% used [0x00000000fc240000, 0x00000000fc240000, 0x00000000fc280000)
 tenured generation   total 5504K, used 5037K [0x00000000fd550000, 0x00000000fdab0000, 0x0000000100000000)
   the space 5504K,  91% used [0x00000000fd550000, 0x00000000fda3b6b8, 0x00000000fda3b800, 0x00000000fdab0000)
 Metaspace       used 6842K, committed 7104K, reserved 1114112K
  class space    used 982K, committed 1088K, reserved 1048576K
}
Event: 1434.238 GC heap before
{Heap before GC invocations=3264 (full 1626):
 def new generation   total 2560K, used 2559K [0x00000000fc000000, 0x00000000fc2c0000, 0x00000000fd550000)
  eden space 2304K,  99% used [0x00000000fc000000, 0x00000000fc23fff8, 0x00000000fc240000)
  from space 256K,  99% used [0x00000000fc280000, 0x00000000fc2bfff8, 0x00000000fc2c0000)
  to   space 256K,   0% used [0x00000000fc240000, 0x00000000fc240000, 0x00000000fc280000)
 tenured generation   total 5504K, used 5037K [0x00000000fd550000, 0x00000000fdab0000, 0x0000000100000000)
   the space 5504K,  91% used [0x00000000fd550000, 0x00000000fda3b6b8, 0x00000000fda3b800, 0x00000000fdab0000)
 Metaspace       used 6842K, committed 7104K, reserved 1114112K
  class space    used 982K, committed 1088K, reserved 1048576K
}
Event: 1434.243 GC heap after
{Heap after GC invocations=3265 (full 1626):
 def new generation   total 2560K, used 255K [0x00000000fc000000, 0x00000000fc2c0000, 0x00000000fd550000)
  eden space 2304K,   0% used [0x00000000fc000000, 0x00000000fc000000, 0x00000000fc240000)
  from space 256K,  99% used [0x00000000fc240000, 0x00000000fc27fff8, 0x00000000fc280000)
  to   space 256K,   0% used [0x00000000fc280000, 0x00000000fc280000, 0x00000000fc2c0000)
 tenured generation   total 6080K, used 5954K [0x00000000fd550000, 0x00000000fdb40000, 0x0000000100000000)
   the space 6080K,  97% used [0x00000000fd550000, 0x00000000fdb20810, 0x00000000fdb20a00, 0x00000000fdb40000)
 Metaspace       used 6842K, committed 7104K, reserved 1114112K
  class space    used 982K, committed 1088K, reserved 1048576K
}
Event: 1434.243 GC heap before
{Heap before GC invocations=3265 (full 1626):
 def new generation   total 2560K, used 255K [0x00000000fc000000, 0x00000000fc2c0000, 0x00000000fd550000)
  eden space 2304K,   0% used [0x00000000fc000000, 0x00000000fc000000, 0x00000000fc240000)
  from space 256K,  99% used [0x00000000fc240000, 0x00000000fc27fff8, 0x00000000fc280000)
  to   space 256K,   0% used [0x00000000fc280000, 0x00000000fc280000, 0x00000000fc2c0000)
 tenured generation   total 6080K, used 5954K [0x00000000fd550000, 0x00000000fdb40000, 0x0000000100000000)
   the space 6080K,  97% used [0x00000000fd550000, 0x00000000fdb20810, 0x00000000fdb20a00, 0x00000000fdb40000)
 Metaspace       used 6842K, committed 7104K, reserved 1114112K
  class space    used 982K, committed 1088K, reserved 1048576K
}
Event: 1434.255 GC heap after
{Heap after GC invocations=3265 (full 1627):
 def new generation   total 2560K, used 0K [0x00000000fc000000, 0x00000000fc2c0000, 0x00000000fd550000)
  eden space 2304K,   0% used [0x00000000fc000000, 0x00000000fc000000, 0x00000000fc240000)
  from space 256K,   0% used [0x00000000fc240000, 0x00000000fc240000, 0x00000000fc280000)
  to   space 256K,   0% used [0x00000000fc280000, 0x00000000fc280000, 0x00000000fc2c0000)
 tenured generation   total 5504K, used 4144K [0x00000000fd550000, 0x00000000fdab0000, 0x0000000100000000)
   the space 5504K,  75% used [0x00000000fd550000, 0x00000000fd95c148, 0x00000000fd95c200, 0x00000000fdab0000)
 Metaspace       used 6842K, committed 7104K, reserved 1114112K
  class space    used 982K, committed 1088K, reserved 1048576K
}
Event: 1434.696 GC heap before
{Heap before GC invocations=3265 (full 1627):
 def new generation   total 2560K, used 2304K [0x00000000fc000000, 0x00000000fc2c0000, 0x00000000fd550000)
  eden space 2304K, 100% used [0x00000000fc000000, 0x00000000fc240000, 0x00000000fc240000)
  from space 256K,   0% used [0x00000000fc240000, 0x00000000fc240000, 0x00000000fc280000)
  to   space 256K,   0% used [0x00000000fc280000, 0x00000000fc280000, 0x00000000fc2c0000)
 tenured generation   total 5504K, used 4144K [0x00000000fd550000, 0x00000000fdab0000, 0x0000000100000000)
   the space 5504K,  75% used [0x00000000fd550000, 0x00000000fd95c148, 0x00000000fd95c200, 0x00000000fdab0000)
 Metaspace       used 6842K, committed 7104K, reserved 1114112K
  class space    used 982K, committed 1088K, reserved 1048576K
}
Event: 1434.699 GC heap after
{Heap after GC invocations=3266 (full 1627):
 def new generation   total 2560K, used 255K [0x00000000fc000000, 0x00000000fc2c0000, 0x00000000fd550000)
  eden space 2304K,   0% used [0x00000000fc000000, 0x00000000fc000000, 0x00000000fc240000)
  from space 256K,  99% used [0x00000000fc280000, 0x00000000fc2bfff8, 0x00000000fc2c0000)
  to   space 256K,   0% used [0x00000000fc240000, 0x00000000fc240000, 0x00000000fc280000)
 tenured generation   total 5504K, used 5056K [0x00000000fd550000, 0x00000000fdab0000, 0x0000000100000000)
   the space 5504K,  91% used [0x00000000fd550000, 0x00000000fda400e0, 0x00000000fda40200, 0x00000000fdab0000)
 Metaspace       used 6842K, committed 7104K, reserved 1114112K
  class space    used 982K, committed 1088K, reserved 1048576K
}

