# JRE version: OpenJDK Runtime Environment (17.0.14+7) (build 17.0.14+7-Ubuntu-124.04)
# Java VM: OpenJDK 64-Bit Server VM (17.0.14+7-Ubuntu-124.04, mixed mode, emulated-client, sharing, tiered, compressed oops, compressed class ptrs, serial gc, linux-aarch64)
GC Precious Log:
 CPUs: 2 total, 2 available
 Memory: 3806M
 Large Page Support: Disabled
 NUMA Support: Disabled
 Compressed Oops: Enabled (32-bit)
 Heap Min Capacity: 8M
 Heap Initial Capacity: 8M
 Heap Max Capacity: 64M
 Pre-touch: Disabled
Heap:
 def new generation   total 2624K, used 749K [0x00000000fc000000, 0x00000000fc2d0000, 0x00000000fd550000)
  eden space 2368K,  20% used [0x00000000fc000000, 0x00000000fc07b5d8, 0x00000000fc250000)
  from space 256K, 100% used [0x00000000fc290000, 0x00000000fc2d0000, 0x00000000fc2d0000)
  to   space 256K,   0% used [0x00000000fc250000, 0x00000000fc250000, 0x00000000fc290000)
 tenured generation   total 5580K, used 5077K [0x00000000fd550000, 0x00000000fdac3000, 0x0000000100000000)
   the space 5580K,  90% used [0x00000000fd550000, 0x00000000fda456e8, 0x00000000fda45800, 0x00000000fdac3000)
 Metaspace       used 6843K, committed 7168K, reserved 1114112K
  class space    used 981K, committed 1088K, reserved 1048576K
GC Heap History (20 events):
Event: 782.248 GC heap before
{Heap before GC invocations=405 (full 197):
 def new generation   total 2624K, used 2367K [0x00000000fc000000, 0x00000000fc2d0000, 0x00000000fd550000)
  eden space 2368K,  99% used [0x00000000fc000000, 0x00000000fc24fff0, 0x00000000fc250000)
  from space 256K,   0% used [0x00000000fc250000, 0x00000000fc250000, 0x00000000fc290000)
  to   space 256K,   0% used [0x00000000fc290000, 0x00000000fc290000, 0x00000000fc2d0000)
 tenured generation   total 5580K, used 4145K [0x00000000fd550000, 0x00000000fdac3000, 0x0000000100000000)
   the space 5580K,  74% used [0x00000000fd550000, 0x00000000fd95c730, 0x00000000fd95c800, 0x00000000fdac3000)
 Metaspace       used 6843K, committed 7168K, reserved 1114112K
  class space    used 981K, committed 1088K, reserved 1048576K
}
Event: 782.254 GC heap after
{Heap after GC invocations=406 (full 197):
 def new generation   total 2624K, used 255K [0x00000000fc000000, 0x00000000fc2d0000, 0x00000000fd550000)
  eden space 2368K,   0% used [0x00000000fc000000, 0x00000000fc000000, 0x00000000fc250000)
  from space 256K,  99% used [0x00000000fc290000, 0x00000000fc2cfff8, 0x00000000fc2d0000)
  to   space 256K,   0% used [0x00000000fc250000, 0x00000000fc250000, 0x00000000fc290000)
 tenured generation   total 5580K, used 5092K [0x00000000fd550000, 0x00000000fdac3000, 0x0000000100000000)
   the space 5580K,  91% used [0x00000000fd550000, 0x00000000fda492f0, 0x00000000fda49400, 0x00000000fdac3000)
 Metaspace       used 6843K, committed 7168K, reserved 1114112K
  class space    used 981K, committed 1088K, reserved 1048576K
}
Event: 783.542 GC heap before
{Heap before GC invocations=406 (full 197):
 def new generation   total 2624K, used 2623K [0x00000000fc000000, 0x00000000fc2d0000, 0x00000000fd550000)
  eden space 2368K,  99% used [0x00000000fc000000, 0x00000000fc24fff0, 0x00000000fc250000)
  from space 256K,  99% used [0x00000000fc290000, 0x00000000fc2cfff8, 0x00000000fc2d0000)
  to   space 256K,   0% used [0x00000000fc250000, 0x00000000fc250000, 0x00000000fc290000)
 tenured generation   total 5580K, used 5092K [0x00000000fd550000, 0x00000000fdac3000, 0x0000000100000000)
   the space 5580K,  91% used [0x00000000fd550000, 0x00000000fda492f0, 0x00000000fda49400, 0x00000000fdac3000)
 Metaspace       used 6843K, committed 7168K, reserved 1114112K
  class space    used 981K, committed 1088K, reserved 1048576K
}
Event: 783.549 GC heap after
{Heap after GC invocations=407 (full 197):
 def new generation   total 2624K, used 255K [0x00000000fc000000, 0x00000000fc2d0000, 0x00000000fd550000)
  eden space 2368K,   0% used [0x00000000fc000000, 0x00000000fc000000, 0x00000000fc250000)
  from space 256K,  99% used [0x00000000fc250000, 0x00000000fc28fff8, 0x00000000fc290000)
  to   space 256K,   0% used [0x00000000fc290000, 0x00000000fc290000, 0x00000000fc2d0000)
 tenured generation   total 6156K, used 6042K [0x00000000fd550000, 0x00000000fdb53000, 0x0000000100000000)
   the space 6156K,  98% used [0x00000000fd550000, 0x00000000fdb36bc0, 0x00000000fdb36c00, 0x00000000fdb53000)
 Metaspace       used 6843K, committed 7168K, reserved 1114112K
  class space    used 981K, committed 1088K, reserved 1048576K
}
Event: 783.549 GC heap before
{Heap before GC invocations=407 (full 197):
 def new generation   total 2624K, used 255K [0x00000000fc000000, 0x00000000fc2d0000, 0x00000000fd550000)
  eden space 2368K,   0% used [0x00000000fc000000, 0x00000000fc000000, 0x00000000fc250000)
  from space 256K,  99% used [0x00000000fc250000, 0x00000000fc28fff8, 0x00000000fc290000)
  to   space 256K,   0% used [0x00000000fc290000, 0x00000000fc290000, 0x00000000fc2d0000)
 tenured generation   total 6156K, used 6042K [0x00000000fd550000, 0x00000000fdb53000, 0x0000000100000000)
   the space 6156K,  98% used [0x00000000fd550000, 0x00000000fdb36bc0, 0x00000000fdb36c00, 0x00000000fdb53000)
 Metaspace       used 6843K, committed 7168K, reserved 1114112K
  class space    used 981K, committed 1088K, reserved 1048576K
}
Event: 783.563 GC heap after
{Heap after GC invocations=407 (full 198):
 def new generation   total 2624K, used 0K [0x00000000fc000000, 0x00000000fc2d0000, 0x00000000fd550000)
  eden space 2368K,   0% used [0x00000000fc000000, 0x00000000fc000000, 0x00000000fc250000)
  from space 256K,   0% used [0x00000000fc250000, 0x00000000fc250000, 0x00000000fc290000)
  to   space 256K,   0% used [0x00000000fc290000, 0x00000000fc290000, 0x00000000fc2d0000)
 tenured generation   total 5580K, used 4161K [0x00000000fd550000, 0x00000000fdac3000, 0x0000000100000000)
   the space 5580K,  74% used [0x00000000fd550000, 0x00000000fd960658, 0x00000000fd960800, 0x00000000fdac3000)
 Metaspace       used 6843K, committed 7168K, reserved 1114112K
  class space    used 981K, committed 1088K, reserved 1048576K
}
Event: 784.860 GC heap before
{Heap before GC invocations=407 (full 198):
 def new generation   total 2624K, used 2368K [0x00000000fc000000, 0x00000000fc2d0000, 0x00000000fd550000)
  eden space 2368K, 100% used [0x00000000fc000000, 0x00000000fc250000, 0x00000000fc250000)
  from space 256K,   0% used [0x00000000fc250000, 0x00000000fc250000, 0x00000000fc290000)
  to   space 256K,   0% used [0x00000000fc290000, 0x00000000fc290000, 0x00000000fc2d0000)
 tenured generation   total 5580K, used 4161K [0x00000000fd550000, 0x00000000fdac3000, 0x0000000100000000)
   the space 5580K,  74% used [0x00000000fd550000, 0x00000000fd960658, 0x00000000fd960800, 0x00000000fdac3000)
 Metaspace       used 6843K, committed 7168K, reserved 1114112K
  class space    used 981K, committed 1088K, reserved 1048576K
}
Event: 784.866 GC heap after
{Heap after GC invocations=408 (full 198):
 def new generation   total 2624K, used 256K [0x00000000fc000000, 0x00000000fc2d0000, 0x00000000fd550000)
  eden space 2368K,   0% used [0x00000000fc000000, 0x00000000fc000000, 0x00000000fc250000)
  from space 256K, 100% used [0x00000000fc290000, 0x00000000fc2d0000, 0x00000000fc2d0000)
  to   space 256K,   0% used [0x00000000fc250000, 0x00000000fc250000, 0x00000000fc290000)
 tenured generation   total 5580K, used 5102K [0x00000000fd550000, 0x00000000fdac3000, 0x0000000100000000)
   the space 5580K,  91% used [0x00000000fd550000, 0x00000000fda4bba8, 0x00000000fda4bc00, 0x00000000fdac3000)
 Metaspace       used 6843K, committed 7168K, reserved 1114112K
  class space    used 981K, committed 1088K, reserved 1048576K
}
Event: 786.140 GC heap before
{Heap before GC invocations=408 (full 198):
 def new generation   total 2624K, used 2624K [0x00000000fc000000, 0x00000000fc2d0000, 0x00000000fd550000)
  eden space 2368K, 100% used [0x00000000fc000000, 0x00000000fc250000, 0x00000000fc250000)
  from space 256K, 100% used [0x00000000fc290000, 0x00000000fc2d0000, 0x00000000fc2d0000)
  to   space 256K,   0% used [0x00000000fc250000, 0x00000000fc250000, 0x00000000fc290000)
 tenured generation   total 5580K, used 5102K [0x00000000fd550000, 0x00000000fdac3000, 0x0000000100000000)
   the space 5580K,  91% used [0x00000000fd550000, 0x00000000fda4bba8, 0x00000000fda4bc00, 0x00000000fdac3000)
 Metaspace       used 6843K, committed 7168K, reserved 1114112K
  class space    used 981K, committed 1088K, reserved 1048576K
}
Event: 786.147 GC heap after
{Heap after GC invocations=409 (full 198):
 def new generation   total 2624K, used 255K [0x00000000fc000000, 0x00000000fc2d0000, 0x00000000fd550000)
  eden space 2368K,   0% used [0x00000000fc000000, 0x00000000fc000000, 0x00000000fc250000)
  from space 256K,  99% used [0x00000000fc250000, 0x00000000fc28fff8, 0x00000000fc290000)
  to   space 256K,   0% used [0x00000000fc290000, 0x00000000fc290000, 0x00000000fc2d0000)
 tenured generation   total 6156K, used 6047K [0x00000000fd550000, 0x00000000fdb53000, 0x0000000100000000)
   the space 6156K,  98% used [0x00000000fd550000, 0x00000000fdb37c38, 0x00000000fdb37e00, 0x00000000fdb53000)
 Metaspace       used 6843K, committed 7168K, reserved 1114112K
  class space    used 981K, committed 1088K, reserved 1048576K
}
Event: 786.147 GC heap before
{Heap before GC invocations=409 (full 198):
 def new generation   total 2624K, used 255K [0x00000000fc000000, 0x00000000fc2d0000, 0x00000000fd550000)
  eden space 2368K,   0% used [0x00000000fc000000, 0x00000000fc000000, 0x00000000fc250000)
  from space 256K,  99% used [0x00000000fc250000, 0x00000000fc28fff8, 0x00000000fc290000)
  to   space 256K,   0% used [0x00000000fc290000, 0x00000000fc290000, 0x00000000fc2d0000)
 tenured generation   total 6156K, used 6047K [0x00000000fd550000, 0x00000000fdb53000, 0x0000000100000000)
   the space 6156K,  98% used [0x00000000fd550000, 0x00000000fdb37c38, 0x00000000fdb37e00, 0x00000000fdb53000)
 Metaspace       used 6843K, committed 7168K, reserved 1114112K
  class space    used 981K, committed 1088K, reserved 1048576K
}
Event: 786.160 GC heap after
{Heap after GC invocations=409 (full 199):
 def new generation   total 2624K, used 0K [0x00000000fc000000, 0x00000000fc2d0000, 0x00000000fd550000)
  eden space 2368K,   0% used [0x00000000fc000000, 0x00000000fc000000, 0x00000000fc250000)
  from space 256K,   0% used [0x00000000fc250000, 0x00000000fc250000, 0x00000000fc290000)
  to   space 256K,   0% used [0x00000000fc290000, 0x00000000fc290000, 0x00000000fc2d0000)
 tenured generation   total 5580K, used 4165K [0x00000000fd550000, 0x00000000fdac3000, 0x0000000100000000)
   the space 5580K,  74% used [0x00000000fd550000, 0x00000000fd9615b0, 0x00000000fd961600, 0x00000000fdac3000)
 Metaspace       used 6843K, committed 7168K, reserved 1114112K
  class space    used 981K, committed 1088K, reserved 1048576K
}
Event: 787.370 GC heap before
{Heap before GC invocations=409 (full 199):
 def new generation   total 2624K, used 2368K [0x00000000fc000000, 0x00000000fc2d0000, 0x00000000fd550000)
  eden space 2368K, 100% used [0x00000000fc000000, 0x00000000fc250000, 0x00000000fc250000)
  from space 256K,   0% used [0x00000000fc250000, 0x00000000fc250000, 0x00000000fc290000)
  to   space 256K,   0% used [0x00000000fc290000, 0x00000000fc290000, 0x00000000fc2d0000)
 tenured generation   total 5580K, used 4165K [0x00000000fd550000, 0x00000000fdac3000, 0x0000000100000000)
   the space 5580K,  74% used [0x00000000fd550000, 0x00000000fd9615b0, 0x00000000fd961600, 0x00000000fdac3000)
 Metaspace       used 6843K, committed 7168K, reserved 1114112K
  class space    used 981K, committed 1088K, reserved 1048576K
}
Event: 787.376 GC heap after
{Heap after GC invocations=410 (full 199):
 def new generation   total 2624K, used 255K [0x00000000fc000000, 0x00000000fc2d0000, 0x00000000fd550000)
  eden space 2368K,   0% used [0x00000000fc000000, 0x00000000fc000000, 0x00000000fc250000)
  from space 256K,  99% used [0x00000000fc290000, 0x00000000fc2cfff8, 0x00000000fc2d0000)
  to   space 256K,   0% used [0x00000000fc250000, 0x00000000fc250000, 0x00000000fc290000)
 tenured generation   total 5580K, used 5107K [0x00000000fd550000, 0x00000000fdac3000, 0x0000000100000000)
   the space 5580K,  91% used [0x00000000fd550000, 0x00000000fda4cf18, 0x00000000fda4d000, 0x00000000fdac3000)
 Metaspace       used 6843K, committed 7168K, reserved 1114112K
  class space    used 981K, committed 1088K, reserved 1048576K
}
Event: 788.566 GC heap before
{Heap before GC invocations=410 (full 199):
 def new generation   total 2624K, used 2623K [0x00000000fc000000, 0x00000000fc2d0000, 0x00000000fd550000)
  eden space 2368K, 100% used [0x00000000fc000000, 0x00000000fc250000, 0x00000000fc250000)
  from space 256K,  99% used [0x00000000fc290000, 0x00000000fc2cfff8, 0x00000000fc2d0000)
  to   space 256K,   0% used [0x00000000fc250000, 0x00000000fc250000, 0x00000000fc290000)
 tenured generation   total 5580K, used 5107K [0x00000000fd550000, 0x00000000fdac3000, 0x0000000100000000)
   the space 5580K,  91% used [0x00000000fd550000, 0x00000000fda4cf18, 0x00000000fda4d000, 0x00000000fdac3000)
 Metaspace       used 6843K, committed 7168K, reserved 1114112K
  class space    used 981K, committed 1088K, reserved 1048576K
}
Event: 788.571 GC heap after
{Heap after GC invocations=411 (full 199):
 def new generation   total 2624K, used 256K [0x00000000fc000000, 0x00000000fc2d0000, 0x00000000fd550000)
  eden space 2368K,   0% used [0x00000000fc000000, 0x00000000fc000000, 0x00000000fc250000)
  from space 256K, 100% used [0x00000000fc250000, 0x00000000fc290000, 0x00000000fc290000)
  to   space 256K,   0% used [0x00000000fc290000, 0x00000000fc290000, 0x00000000fc2d0000)
 tenured generation   total 6156K, used 6051K [0x00000000fd550000, 0x00000000fdb53000, 0x0000000100000000)
   the space 6156K,  98% used [0x00000000fd550000, 0x00000000fdb38c90, 0x00000000fdb38e00, 0x00000000fdb53000)
 Metaspace       used 6843K, committed 7168K, reserved 1114112K
  class space    used 981K, committed 1088K, reserved 1048576K
}
Event: 788.571 GC heap before
{Heap before GC invocations=411 (full 199):
 def new generation   total 2624K, used 256K [0x00000000fc000000, 0x00000000fc2d0000, 0x00000000fd550000)
  eden space 2368K,   0% used [0x00000000fc000000, 0x00000000fc000000, 0x00000000fc250000)
  from space 256K, 100% used [0x00000000fc250000, 0x00000000fc290000, 0x00000000fc290000)
  to   space 256K,   0% used [0x00000000fc290000, 0x00000000fc290000, 0x00000000fc2d0000)
 tenured generation   total 6156K, used 6051K [0x00000000fd550000, 0x00000000fdb53000, 0x0000000100000000)
   the space 6156K,  98% used [0x00000000fd550000, 0x00000000fdb38c90, 0x00000000fdb38e00, 0x00000000fdb53000)
 Metaspace       used 6843K, committed 7168K, reserved 1114112K
  class space    used 981K, committed 1088K, reserved 1048576K
}
Event: 788.585 GC heap after
{Heap after GC invocations=411 (full 200):
 def new generation   total 2624K, used 0K [0x00000000fc000000, 0x00000000fc2d0000, 0x00000000fd550000)
  eden space 2368K,   0% used [0x00000000fc000000, 0x00000000fc000000, 0x00000000fc250000)
  from space 256K,   0% used [0x00000000fc250000, 0x00000000fc250000, 0x00000000fc290000)
  to   space 256K,   0% used [0x00000000fc290000, 0x00000000fc290000, 0x00000000fc2d0000)
 tenured generation   total 5580K, used 4136K [0x00000000fd550000, 0x00000000fdac3000, 0x0000000100000000)
   the space 5580K,  74% used [0x00000000fd550000, 0x00000000fd95a020, 0x00000000fd95a200, 0x00000000fdac3000)
 Metaspace       used 6843K, committed 7168K, reserved 1114112K
  class space    used 981K, committed 1088K, reserved 1048576K
}
Event: 789.766 GC heap before
{Heap before GC invocations=411 (full 200):
 def new generation   total 2624K, used 2368K [0x00000000fc000000, 0x00000000fc2d0000, 0x00000000fd550000)
  eden space 2368K, 100% used [0x00000000fc000000, 0x00000000fc250000, 0x00000000fc250000)
  from space 256K,   0% used [0x00000000fc250000, 0x00000000fc250000, 0x00000000fc290000)
  to   space 256K,   0% used [0x00000000fc290000, 0x00000000fc290000, 0x00000000fc2d0000)
 tenured generation   total 5580K, used 4136K [0x00000000fd550000, 0x00000000fdac3000, 0x0000000100000000)
   the space 5580K,  74% used [0x00000000fd550000, 0x00000000fd95a020, 0x00000000fd95a200, 0x00000000fdac3000)
 Metaspace       used 6843K, committed 7168K, reserved 1114112K
  class space    used 981K, committed 1088K, reserved 1048576K
}
Event: 789.771 GC heap after
{Heap after GC invocations=412 (full 200):
 def new generation   total 2624K, used 256K [0x00000000fc000000, 0x00000000fc2d0000, 0x00000000fd550000)
  eden space 2368K,   0% used [0x00000000fc000000, 0x00000000fc000000, 0x00000000fc250000)
  from space 256K, 100% used [0x00000000fc290000, 0x00000000fc2d0000, 0x00000000fc2d0000)
  to   space 256K,   0% used [0x00000000fc250000, 0x00000000fc250000, 0x00000000fc290000)
 tenured generation   total 5580K, used 5077K [0x00000000fd550000, 0x00000000fdac3000, 0x0000000100000000)
   the space 5580K,  90% used [0x00000000fd550000, 0x00000000fda456e8, 0x00000000fda45800, 0x00000000fdac3000)
 Metaspace       used 6843K, committed 7168K, reserved 1114112K
  class space    used 981K, committed 1088K, reserved 1048576K
}

