# JRE version: OpenJDK Runtime Environment (17.0.14+7) (build 17.0.14+7-Ubuntu-124.04)
# Java VM: OpenJDK 64-Bit Server VM (17.0.14+7-Ubuntu-124.04, mixed mode, sharing, tiered, compressed oops, compressed class ptrs, g1 gc, linux-aarch64)
Heap:
 garbage-first heap   total 286720K, used 245225K [0x0000000617400000, 0x0000000800000000)
  region size 4096K, 2 young (8192K), 1 survivors (4096K)
 Metaspace       used 12133K, committed 12352K, reserved 1114112K
  class space    used 1422K, committed 1536K, reserved 1048576K
GC Heap History (20 events):
Event: 3105.318 GC heap before
{Heap before GC invocations=1234 (full 0):
 garbage-first heap   total 286720K, used 250377K [0x0000000617400000, 0x0000000800000000)
  region size 4096K, 3 young (12288K), 1 survivors (4096K)
 Metaspace       used 12133K, committed 12352K, reserved 1114112K
  class space    used 1422K, committed 1536K, reserved 1048576K
}
Event: 3105.323 GC heap after
{Heap after GC invocations=1235 (full 0):
 garbage-first heap   total 286720K, used 242310K [0x0000000617400000, 0x0000000800000000)
  region size 4096K, 1 young (4096K), 1 survivors (4096K)
 Metaspace       used 12133K, committed 12352K, reserved 1114112K
  class space    used 1422K, committed 1536K, reserved 1048576K
}
Event: 3107.043 GC heap before
{Heap before GC invocations=1235 (full 0):
 garbage-first heap   total 286720K, used 250502K [0x0000000617400000, 0x0000000800000000)
  region size 4096K, 3 young (12288K), 1 survivors (4096K)
 Metaspace       used 12133K, committed 12352K, reserved 1114112K
  class space    used 1422K, committed 1536K, reserved 1048576K
}
Event: 3107.049 GC heap after
{Heap after GC invocations=1236 (full 0):
 garbage-first heap   total 286720K, used 242453K [0x0000000617400000, 0x0000000800000000)
  region size 4096K, 1 young (4096K), 1 survivors (4096K)
 Metaspace       used 12133K, committed 12352K, reserved 1114112K
  class space    used 1422K, committed 1536K, reserved 1048576K
}
Event: 3108.891 GC heap before
{Heap before GC invocations=1236 (full 0):
 garbage-first heap   total 286720K, used 250645K [0x0000000617400000, 0x0000000800000000)
  region size 4096K, 3 young (12288K), 1 survivors (4096K)
 Metaspace       used 12133K, committed 12352K, reserved 1114112K
  class space    used 1422K, committed 1536K, reserved 1048576K
}
Event: 3108.897 GC heap after
{Heap after GC invocations=1237 (full 0):
 garbage-first heap   total 286720K, used 242597K [0x0000000617400000, 0x0000000800000000)
  region size 4096K, 1 young (4096K), 1 survivors (4096K)
 Metaspace       used 12133K, committed 12352K, reserved 1114112K
  class space    used 1422K, committed 1536K, reserved 1048576K
}
Event: 3110.660 GC heap before
{Heap before GC invocations=1237 (full 0):
 garbage-first heap   total 286720K, used 250789K [0x0000000617400000, 0x0000000800000000)
  region size 4096K, 3 young (12288K), 1 survivors (4096K)
 Metaspace       used 12133K, committed 12352K, reserved 1114112K
  class space    used 1422K, committed 1536K, reserved 1048576K
}
Event: 3110.666 GC heap after
{Heap after GC invocations=1238 (full 0):
 garbage-first heap   total 286720K, used 242895K [0x0000000617400000, 0x0000000800000000)
  region size 4096K, 1 young (4096K), 1 survivors (4096K)
 Metaspace       used 12133K, committed 12352K, reserved 1114112K
  class space    used 1422K, committed 1536K, reserved 1048576K
}
Event: 3112.447 GC heap before
{Heap before GC invocations=1238 (full 0):
 garbage-first heap   total 286720K, used 251087K [0x0000000617400000, 0x0000000800000000)
  region size 4096K, 3 young (12288K), 1 survivors (4096K)
 Metaspace       used 12133K, committed 12352K, reserved 1114112K
  class space    used 1422K, committed 1536K, reserved 1048576K
}
Event: 3112.451 GC heap after
{Heap after GC invocations=1239 (full 0):
 garbage-first heap   total 286720K, used 243003K [0x0000000617400000, 0x0000000800000000)
  region size 4096K, 1 young (4096K), 1 survivors (4096K)
 Metaspace       used 12133K, committed 12352K, reserved 1114112K
  class space    used 1422K, committed 1536K, reserved 1048576K
}
Event: 3114.245 GC heap before
{Heap before GC invocations=1239 (full 0):
 garbage-first heap   total 286720K, used 251195K [0x0000000617400000, 0x0000000800000000)
  region size 4096K, 3 young (12288K), 1 survivors (4096K)
 Metaspace       used 12133K, committed 12352K, reserved 1114112K
  class space    used 1422K, committed 1536K, reserved 1048576K
}
Event: 3114.253 GC heap after
{Heap after GC invocations=1240 (full 0):
 garbage-first heap   total 286720K, used 243277K [0x0000000617400000, 0x0000000800000000)
  region size 4096K, 1 young (4096K), 1 survivors (4096K)
 Metaspace       used 12133K, committed 12352K, reserved 1114112K
  class space    used 1422K, committed 1536K, reserved 1048576K
}
Event: 3116.028 GC heap before
{Heap before GC invocations=1240 (full 0):
 garbage-first heap   total 286720K, used 251469K [0x0000000617400000, 0x0000000800000000)
  region size 4096K, 3 young (12288K), 1 survivors (4096K)
 Metaspace       used 12133K, committed 12352K, reserved 1114112K
  class space    used 1422K, committed 1536K, reserved 1048576K
}
Event: 3116.033 GC heap after
{Heap after GC invocations=1241 (full 0):
 garbage-first heap   total 286720K, used 243416K [0x0000000617400000, 0x0000000800000000)
  region size 4096K, 1 young (4096K), 1 survivors (4096K)
 Metaspace       used 12133K, committed 12352K, reserved 1114112K
  class space    used 1422K, committed 1536K, reserved 1048576K
}
Event: 3117.754 GC heap before
{Heap before GC invocations=1241 (full 0):
 garbage-first heap   total 286720K, used 251608K [0x0000000617400000, 0x0000000800000000)
  region size 4096K, 3 young (12288K), 1 survivors (4096K)
 Metaspace       used 12133K, committed 12352K, reserved 1114112K
  class space    used 1422K, committed 1536K, reserved 1048576K
}
Event: 3117.760 GC heap after
{Heap after GC invocations=1242 (full 0):
 garbage-first heap   total 286720K, used 243515K [0x0000000617400000, 0x0000000800000000)
  region size 4096K, 1 young (4096K), 1 survivors (4096K)
 Metaspace       used 12133K, committed 12352K, reserved 1114112K
  class space    used 1422K, committed 1536K, reserved 1048576K
}
Event: 3119.495 GC heap before
{Heap before GC invocations=1242 (full 0):
 garbage-first heap   total 286720K, used 251707K [0x0000000617400000, 0x0000000800000000)
  region size 4096K, 3 young (12288K), 1 survivors (4096K)
 Metaspace       used 12133K, committed 12352K, reserved 1114112K
  class space    used 1422K, committed 1536K, reserved 1048576K
}
Event: 3119.504 GC heap after
{Heap after GC invocations=1243 (full 0):
 garbage-first heap   total 286720K, used 243656K [0x0000000617400000, 0x0000000800000000)
  region size 4096K, 1 young (4096K), 1 survivors (4096K)
 Metaspace       used 12133K, committed 12352K, reserved 1114112K
  class space    used 1422K, committed 1536K, reserved 1048576K
}
Event: 3121.284 GC heap before
{Heap before GC invocations=1243 (full 0):
 garbage-first heap   total 286720K, used 251848K [0x0000000617400000, 0x0000000800000000)
  region size 4096K, 3 young (12288K), 1 survivors (4096K)
 Metaspace       used 12133K, committed 12352K, reserved 1114112K
  class space    used 1422K, committed 1536K, reserved 1048576K
}
Event: 3121.291 GC heap after
{Heap after GC invocations=1244 (full 0):
 garbage-first heap   total 286720K, used 243769K [0x0000000617400000, 0x0000000800000000)
  region size 4096K, 1 young (4096K), 1 survivors (4096K)
 Metaspace       used 12133K, committed 12352K, reserved 1114112K
  class space    used 1422K, committed 1536K, reserved 1048576K
}

