# JRE version: OpenJDK Runtime Environment (17.0.14+7) (build 17.0.14+7-Ubuntu-124.04)
# Java VM: OpenJDK 64-Bit Server VM (17.0.14+7-Ubuntu-124.04, mixed mode, emulated-client, sharing, tiered, compressed oops, compressed class ptrs, serial gc, linux-aarch64)
Heap:
 def new generation   total 2560K, used 1318K [0x00000000fc000000, 0x00000000fc2c0000, 0x00000000fd550000)
  eden space 2304K,  57% used [0x00000000fc000000, 0x00000000fc149be8, 0x00000000fc240000)
  from space 256K,   0% used [0x00000000fc240000, 0x00000000fc240000, 0x00000000fc280000)
  to   space 256K,   0% used [0x00000000fc280000, 0x00000000fc280000, 0x00000000fc2c0000)
 tenured generation   total 5504K, used 4109K [0x00000000fd550000, 0x00000000fdab0000, 0x0000000100000000)
   the space 5504K,  74% used [0x00000000fd550000, 0x00000000fd9536f8, 0x00000000fd953800, 0x00000000fdab0000)
 Metaspace       used 6841K, committed 7104K, reserved 1114112K
  class space    used 981K, committed 1088K, reserved 1048576K
GC Heap History (20 events):
Event: 231.578 GC heap before
{Heap before GC invocations=469 (full 228):
 def new generation   total 2560K, used 255K [0x00000000fc000000, 0x00000000fc2c0000, 0x00000000fd550000)
  eden space 2304K,   0% used [0x00000000fc000000, 0x00000000fc000000, 0x00000000fc240000)
  from space 256K,  99% used [0x00000000fc240000, 0x00000000fc27fff8, 0x00000000fc280000)
  to   space 256K,   0% used [0x00000000fc280000, 0x00000000fc280000, 0x00000000fc2c0000)
 tenured generation   total 6080K, used 5933K [0x00000000fd550000, 0x00000000fdb40000, 0x0000000100000000)
   the space 6080K,  97% used [0x00000000fd550000, 0x00000000fdb1b5d0, 0x00000000fdb1b600, 0x00000000fdb40000)
 Metaspace       used 6841K, committed 7104K, reserved 1114112K
  class space    used 981K, committed 1088K, reserved 1048576K
}
Event: 231.589 GC heap after
{Heap after GC invocations=469 (full 229):
 def new generation   total 2560K, used 0K [0x00000000fc000000, 0x00000000fc2c0000, 0x00000000fd550000)
  eden space 2304K,   0% used [0x00000000fc000000, 0x00000000fc000000, 0x00000000fc240000)
  from space 256K,   0% used [0x00000000fc240000, 0x00000000fc240000, 0x00000000fc280000)
  to   space 256K,   0% used [0x00000000fc280000, 0x00000000fc280000, 0x00000000fc2c0000)
 tenured generation   total 5504K, used 4117K [0x00000000fd550000, 0x00000000fdab0000, 0x0000000100000000)
   the space 5504K,  74% used [0x00000000fd550000, 0x00000000fd955550, 0x00000000fd955600, 0x00000000fdab0000)
 Metaspace       used 6841K, committed 7104K, reserved 1114112K
  class space    used 981K, committed 1088K, reserved 1048576K
}
Event: 232.004 GC heap before
{Heap before GC invocations=469 (full 229):
 def new generation   total 2560K, used 2304K [0x00000000fc000000, 0x00000000fc2c0000, 0x00000000fd550000)
  eden space 2304K, 100% used [0x00000000fc000000, 0x00000000fc240000, 0x00000000fc240000)
  from space 256K,   0% used [0x00000000fc240000, 0x00000000fc240000, 0x00000000fc280000)
  to   space 256K,   0% used [0x00000000fc280000, 0x00000000fc280000, 0x00000000fc2c0000)
 tenured generation   total 5504K, used 4117K [0x00000000fd550000, 0x00000000fdab0000, 0x0000000100000000)
   the space 5504K,  74% used [0x00000000fd550000, 0x00000000fd955550, 0x00000000fd955600, 0x00000000fdab0000)
 Metaspace       used 6841K, committed 7104K, reserved 1114112K
  class space    used 981K, committed 1088K, reserved 1048576K
}
Event: 232.007 GC heap after
{Heap after GC invocations=470 (full 229):
 def new generation   total 2560K, used 256K [0x00000000fc000000, 0x00000000fc2c0000, 0x00000000fd550000)
  eden space 2304K,   0% used [0x00000000fc000000, 0x00000000fc000000, 0x00000000fc240000)
  from space 256K, 100% used [0x00000000fc280000, 0x00000000fc2c0000, 0x00000000fc2c0000)
  to   space 256K,   0% used [0x00000000fc240000, 0x00000000fc240000, 0x00000000fc280000)
 tenured generation   total 5504K, used 5026K [0x00000000fd550000, 0x00000000fdab0000, 0x0000000100000000)
   the space 5504K,  91% used [0x00000000fd550000, 0x00000000fda388a8, 0x00000000fda38a00, 0x00000000fdab0000)
 Metaspace       used 6841K, committed 7104K, reserved 1114112K
  class space    used 981K, committed 1088K, reserved 1048576K
}
Event: 232.425 GC heap before
{Heap before GC invocations=470 (full 229):
 def new generation   total 2560K, used 2560K [0x00000000fc000000, 0x00000000fc2c0000, 0x00000000fd550000)
  eden space 2304K, 100% used [0x00000000fc000000, 0x00000000fc240000, 0x00000000fc240000)
  from space 256K, 100% used [0x00000000fc280000, 0x00000000fc2c0000, 0x00000000fc2c0000)
  to   space 256K,   0% used [0x00000000fc240000, 0x00000000fc240000, 0x00000000fc280000)
 tenured generation   total 5504K, used 5026K [0x00000000fd550000, 0x00000000fdab0000, 0x0000000100000000)
   the space 5504K,  91% used [0x00000000fd550000, 0x00000000fda388a8, 0x00000000fda38a00, 0x00000000fdab0000)
 Metaspace       used 6841K, committed 7104K, reserved 1114112K
  class space    used 981K, committed 1088K, reserved 1048576K
}
Event: 232.428 GC heap after
{Heap after GC invocations=471 (full 229):
 def new generation   total 2560K, used 255K [0x00000000fc000000, 0x00000000fc2c0000, 0x00000000fd550000)
  eden space 2304K,   0% used [0x00000000fc000000, 0x00000000fc000000, 0x00000000fc240000)
  from space 256K,  99% used [0x00000000fc240000, 0x00000000fc27fff8, 0x00000000fc280000)
  to   space 256K,   0% used [0x00000000fc280000, 0x00000000fc280000, 0x00000000fc2c0000)
 tenured generation   total 6080K, used 5938K [0x00000000fd550000, 0x00000000fdb40000, 0x0000000100000000)
   the space 6080K,  97% used [0x00000000fd550000, 0x00000000fdb1c8d0, 0x00000000fdb1ca00, 0x00000000fdb40000)
 Metaspace       used 6841K, committed 7104K, reserved 1114112K
  class space    used 981K, committed 1088K, reserved 1048576K
}
Event: 232.428 GC heap before
{Heap before GC invocations=471 (full 229):
 def new generation   total 2560K, used 255K [0x00000000fc000000, 0x00000000fc2c0000, 0x00000000fd550000)
  eden space 2304K,   0% used [0x00000000fc000000, 0x00000000fc000000, 0x00000000fc240000)
  from space 256K,  99% used [0x00000000fc240000, 0x00000000fc27fff8, 0x00000000fc280000)
  to   space 256K,   0% used [0x00000000fc280000, 0x00000000fc280000, 0x00000000fc2c0000)
 tenured generation   total 6080K, used 5938K [0x00000000fd550000, 0x00000000fdb40000, 0x0000000100000000)
   the space 6080K,  97% used [0x00000000fd550000, 0x00000000fdb1c8d0, 0x00000000fdb1ca00, 0x00000000fdb40000)
 Metaspace       used 6841K, committed 7104K, reserved 1114112K
  class space    used 981K, committed 1088K, reserved 1048576K
}
Event: 232.440 GC heap after
{Heap after GC invocations=471 (full 230):
 def new generation   total 2560K, used 0K [0x00000000fc000000, 0x00000000fc2c0000, 0x00000000fd550000)
  eden space 2304K,   0% used [0x00000000fc000000, 0x00000000fc000000, 0x00000000fc240000)
  from space 256K,   0% used [0x00000000fc240000, 0x00000000fc240000, 0x00000000fc280000)
  to   space 256K,   0% used [0x00000000fc280000, 0x00000000fc280000, 0x00000000fc2c0000)
 tenured generation   total 5504K, used 4125K [0x00000000fd550000, 0x00000000fdab0000, 0x0000000100000000)
   the space 5504K,  74% used [0x00000000fd550000, 0x00000000fd957408, 0x00000000fd957600, 0x00000000fdab0000)
 Metaspace       used 6841K, committed 7104K, reserved 1114112K
  class space    used 981K, committed 1088K, reserved 1048576K
}
Event: 232.855 GC heap before
{Heap before GC invocations=471 (full 230):
 def new generation   total 2560K, used 2303K [0x00000000fc000000, 0x00000000fc2c0000, 0x00000000fd550000)
  eden space 2304K,  99% used [0x00000000fc000000, 0x00000000fc23ffd0, 0x00000000fc240000)
  from space 256K,   0% used [0x00000000fc240000, 0x00000000fc240000, 0x00000000fc280000)
  to   space 256K,   0% used [0x00000000fc280000, 0x00000000fc280000, 0x00000000fc2c0000)
 tenured generation   total 5504K, used 4125K [0x00000000fd550000, 0x00000000fdab0000, 0x0000000100000000)
   the space 5504K,  74% used [0x00000000fd550000, 0x00000000fd957408, 0x00000000fd957600, 0x00000000fdab0000)
 Metaspace       used 6841K, committed 7104K, reserved 1114112K
  class space    used 981K, committed 1088K, reserved 1048576K
}
Event: 232.858 GC heap after
{Heap after GC invocations=472 (full 230):
 def new generation   total 2560K, used 256K [0x00000000fc000000, 0x00000000fc2c0000, 0x00000000fd550000)
  eden space 2304K,   0% used [0x00000000fc000000, 0x00000000fc000000, 0x00000000fc240000)
  from space 256K, 100% used [0x00000000fc280000, 0x00000000fc2c0000, 0x00000000fc2c0000)
  to   space 256K,   0% used [0x00000000fc240000, 0x00000000fc240000, 0x00000000fc280000)
 tenured generation   total 5504K, used 5037K [0x00000000fd550000, 0x00000000fdab0000, 0x0000000100000000)
   the space 5504K,  91% used [0x00000000fd550000, 0x00000000fda3b630, 0x00000000fda3b800, 0x00000000fdab0000)
 Metaspace       used 6841K, committed 7104K, reserved 1114112K
  class space    used 981K, committed 1088K, reserved 1048576K
}
Event: 233.274 GC heap before
{Heap before GC invocations=472 (full 230):
 def new generation   total 2560K, used 2560K [0x00000000fc000000, 0x00000000fc2c0000, 0x00000000fd550000)
  eden space 2304K, 100% used [0x00000000fc000000, 0x00000000fc240000, 0x00000000fc240000)
  from space 256K, 100% used [0x00000000fc280000, 0x00000000fc2c0000, 0x00000000fc2c0000)
  to   space 256K,   0% used [0x00000000fc240000, 0x00000000fc240000, 0x00000000fc280000)
 tenured generation   total 5504K, used 5037K [0x00000000fd550000, 0x00000000fdab0000, 0x0000000100000000)
   the space 5504K,  91% used [0x00000000fd550000, 0x00000000fda3b630, 0x00000000fda3b800, 0x00000000fdab0000)
 Metaspace       used 6841K, committed 7104K, reserved 1114112K
  class space    used 981K, committed 1088K, reserved 1048576K
}
Event: 233.278 GC heap after
{Heap after GC invocations=473 (full 230):
 def new generation   total 2560K, used 256K [0x00000000fc000000, 0x00000000fc2c0000, 0x00000000fd550000)
  eden space 2304K,   0% used [0x00000000fc000000, 0x00000000fc000000, 0x00000000fc240000)
  from space 256K, 100% used [0x00000000fc240000, 0x00000000fc280000, 0x00000000fc280000)
  to   space 256K,   0% used [0x00000000fc280000, 0x00000000fc280000, 0x00000000fc2c0000)
 tenured generation   total 6080K, used 5954K [0x00000000fd550000, 0x00000000fdb40000, 0x0000000100000000)
   the space 6080K,  97% used [0x00000000fd550000, 0x00000000fdb208a8, 0x00000000fdb20a00, 0x00000000fdb40000)
 Metaspace       used 6841K, committed 7104K, reserved 1114112K
  class space    used 981K, committed 1088K, reserved 1048576K
}
Event: 233.278 GC heap before
{Heap before GC invocations=473 (full 230):
 def new generation   total 2560K, used 256K [0x00000000fc000000, 0x00000000fc2c0000, 0x00000000fd550000)
  eden space 2304K,   0% used [0x00000000fc000000, 0x00000000fc000000, 0x00000000fc240000)
  from space 256K, 100% used [0x00000000fc240000, 0x00000000fc280000, 0x00000000fc280000)
  to   space 256K,   0% used [0x00000000fc280000, 0x00000000fc280000, 0x00000000fc2c0000)
 tenured generation   total 6080K, used 5954K [0x00000000fd550000, 0x00000000fdb40000, 0x0000000100000000)
   the space 6080K,  97% used [0x00000000fd550000, 0x00000000fdb208a8, 0x00000000fdb20a00, 0x00000000fdb40000)
 Metaspace       used 6841K, committed 7104K, reserved 1114112K
  class space    used 981K, committed 1088K, reserved 1048576K
}
Event: 233.290 GC heap after
{Heap after GC invocations=473 (full 231):
 def new generation   total 2560K, used 0K [0x00000000fc000000, 0x00000000fc2c0000, 0x00000000fd550000)
  eden space 2304K,   0% used [0x00000000fc000000, 0x00000000fc000000, 0x00000000fc240000)
  from space 256K,   0% used [0x00000000fc240000, 0x00000000fc240000, 0x00000000fc280000)
  to   space 256K,   0% used [0x00000000fc280000, 0x00000000fc280000, 0x00000000fc2c0000)
 tenured generation   total 5504K, used 4138K [0x00000000fd550000, 0x00000000fdab0000, 0x0000000100000000)
   the space 5504K,  75% used [0x00000000fd550000, 0x00000000fd95a9e0, 0x00000000fd95aa00, 0x00000000fdab0000)
 Metaspace       used 6841K, committed 7104K, reserved 1114112K
  class space    used 981K, committed 1088K, reserved 1048576K
}
Event: 233.710 GC heap before
{Heap before GC invocations=473 (full 231):
 def new generation   total 2560K, used 2304K [0x00000000fc000000, 0x00000000fc2c0000, 0x00000000fd550000)
  eden space 2304K, 100% used [0x00000000fc000000, 0x00000000fc240000, 0x00000000fc240000)
  from space 256K,   0% used [0x00000000fc240000, 0x00000000fc240000, 0x00000000fc280000)
  to   space 256K,   0% used [0x00000000fc280000, 0x00000000fc280000, 0x00000000fc2c0000)
 tenured generation   total 5504K, used 4138K [0x00000000fd550000, 0x00000000fdab0000, 0x0000000100000000)
   the space 5504K,  75% used [0x00000000fd550000, 0x00000000fd95a9e0, 0x00000000fd95aa00, 0x00000000fdab0000)
 Metaspace       used 6841K, committed 7104K, reserved 1114112K
  class space    used 981K, committed 1088K, reserved 1048576K
}
Event: 233.714 GC heap after
{Heap after GC invocations=474 (full 231):
 def new generation   total 2560K, used 256K [0x00000000fc000000, 0x00000000fc2c0000, 0x00000000fd550000)
  eden space 2304K,   0% used [0x00000000fc000000, 0x00000000fc000000, 0x00000000fc240000)
  from space 256K, 100% used [0x00000000fc280000, 0x00000000fc2c0000, 0x00000000fc2c0000)
  to   space 256K,   0% used [0x00000000fc240000, 0x00000000fc240000, 0x00000000fc280000)
 tenured generation   total 5504K, used 5048K [0x00000000fd550000, 0x00000000fdab0000, 0x0000000100000000)
   the space 5504K,  91% used [0x00000000fd550000, 0x00000000fda3e180, 0x00000000fda3e200, 0x00000000fdab0000)
 Metaspace       used 6841K, committed 7104K, reserved 1114112K
  class space    used 981K, committed 1088K, reserved 1048576K
}
Event: 234.136 GC heap before
{Heap before GC invocations=474 (full 231):
 def new generation   total 2560K, used 2560K [0x00000000fc000000, 0x00000000fc2c0000, 0x00000000fd550000)
  eden space 2304K, 100% used [0x00000000fc000000, 0x00000000fc240000, 0x00000000fc240000)
  from space 256K, 100% used [0x00000000fc280000, 0x00000000fc2c0000, 0x00000000fc2c0000)
  to   space 256K,   0% used [0x00000000fc240000, 0x00000000fc240000, 0x00000000fc280000)
 tenured generation   total 5504K, used 5048K [0x00000000fd550000, 0x00000000fdab0000, 0x0000000100000000)
   the space 5504K,  91% used [0x00000000fd550000, 0x00000000fda3e180, 0x00000000fda3e200, 0x00000000fdab0000)
 Metaspace       used 6841K, committed 7104K, reserved 1114112K
  class space    used 981K, committed 1088K, reserved 1048576K
}
Event: 234.140 GC heap after
{Heap after GC invocations=475 (full 231):
 def new generation   total 2560K, used 255K [0x00000000fc000000, 0x00000000fc2c0000, 0x00000000fd550000)
  eden space 2304K,   0% used [0x00000000fc000000, 0x00000000fc000000, 0x00000000fc240000)
  from space 256K,  99% used [0x00000000fc240000, 0x00000000fc27fff8, 0x00000000fc280000)
  to   space 256K,   0% used [0x00000000fc280000, 0x00000000fc280000, 0x00000000fc2c0000)
 tenured generation   total 6080K, used 5965K [0x00000000fd550000, 0x00000000fdb40000, 0x0000000100000000)
   the space 6080K,  98% used [0x00000000fd550000, 0x00000000fdb23640, 0x00000000fdb23800, 0x00000000fdb40000)
 Metaspace       used 6841K, committed 7104K, reserved 1114112K
  class space    used 981K, committed 1088K, reserved 1048576K
}
Event: 234.140 GC heap before
{Heap before GC invocations=475 (full 231):
 def new generation   total 2560K, used 255K [0x00000000fc000000, 0x00000000fc2c0000, 0x00000000fd550000)
  eden space 2304K,   0% used [0x00000000fc000000, 0x00000000fc000000, 0x00000000fc240000)
  from space 256K,  99% used [0x00000000fc240000, 0x00000000fc27fff8, 0x00000000fc280000)
  to   space 256K,   0% used [0x00000000fc280000, 0x00000000fc280000, 0x00000000fc2c0000)
 tenured generation   total 6080K, used 5965K [0x00000000fd550000, 0x00000000fdb40000, 0x0000000100000000)
   the space 6080K,  98% used [0x00000000fd550000, 0x00000000fdb23640, 0x00000000fdb23800, 0x00000000fdb40000)
 Metaspace       used 6841K, committed 7104K, reserved 1114112K
  class space    used 981K, committed 1088K, reserved 1048576K
}
Event: 234.152 GC heap after
{Heap after GC invocations=475 (full 232):
 def new generation   total 2560K, used 0K [0x00000000fc000000, 0x00000000fc2c0000, 0x00000000fd550000)
  eden space 2304K,   0% used [0x00000000fc000000, 0x00000000fc000000, 0x00000000fc240000)
  from space 256K,   0% used [0x00000000fc240000, 0x00000000fc240000, 0x00000000fc280000)
  to   space 256K,   0% used [0x00000000fc280000, 0x00000000fc280000, 0x00000000fc2c0000)
 tenured generation   total 5504K, used 4109K [0x00000000fd550000, 0x00000000fdab0000, 0x0000000100000000)
   the space 5504K,  74% used [0x00000000fd550000, 0x00000000fd9536f8, 0x00000000fd953800, 0x00000000fdab0000)
 Metaspace       used 6841K, committed 7104K, reserved 1114112K
  class space    used 981K, committed 1088K, reserved 1048576K
}

