# JRE version: OpenJDK Runtime Environment (17.0.14+7) (build 17.0.14+7-Ubuntu-124.04)
# Java VM: OpenJDK 64-Bit Server VM (17.0.14+7-Ubuntu-124.04, mixed mode, sharing, tiered, compressed oops, compressed class ptrs, g1 gc, linux-aarch64)
Heap:
 garbage-first heap   total 286720K, used 240918K [0x0000000617400000, 0x0000000800000000)
  region size 4096K, 2 young (8192K), 1 survivors (4096K)
 Metaspace       used 12063K, committed 12352K, reserved 1114112K
  class space    used 1407K, committed 1536K, reserved 1048576K
GC Heap History (20 events):
Event: 12808.468 GC heap before
{Heap before GC invocations=5787 (full 0):
 garbage-first heap   total 286720K, used 246358K [0x0000000617400000, 0x0000000800000000)
  region size 4096K, 3 young (12288K), 1 survivors (4096K)
 Metaspace       used 12063K, committed 12352K, reserved 1114112K
  class space    used 1407K, committed 1536K, reserved 1048576K
}
Event: 12808.476 GC heap after
{Heap after GC invocations=5788 (full 0):
 garbage-first heap   total 286720K, used 238258K [0x0000000617400000, 0x0000000800000000)
  region size 4096K, 1 young (4096K), 1 survivors (4096K)
 Metaspace       used 12063K, committed 12352K, reserved 1114112K
  class space    used 1407K, committed 1536K, reserved 1048576K
}
Event: 12810.184 GC heap before
{Heap before GC invocations=5788 (full 0):
 garbage-first heap   total 286720K, used 246450K [0x0000000617400000, 0x0000000800000000)
  region size 4096K, 3 young (12288K), 1 survivors (4096K)
 Metaspace       used 12063K, committed 12352K, reserved 1114112K
  class space    used 1407K, committed 1536K, reserved 1048576K
}
Event: 12810.191 GC heap after
{Heap after GC invocations=5789 (full 0):
 garbage-first heap   total 286720K, used 238593K [0x0000000617400000, 0x0000000800000000)
  region size 4096K, 1 young (4096K), 1 survivors (4096K)
 Metaspace       used 12063K, committed 12352K, reserved 1114112K
  class space    used 1407K, committed 1536K, reserved 1048576K
}
Event: 12811.889 GC heap before
{Heap before GC invocations=5789 (full 0):
 garbage-first heap   total 286720K, used 246785K [0x0000000617400000, 0x0000000800000000)
  region size 4096K, 3 young (12288K), 1 survivors (4096K)
 Metaspace       used 12063K, committed 12352K, reserved 1114112K
  class space    used 1407K, committed 1536K, reserved 1048576K
}
Event: 12811.895 GC heap after
{Heap after GC invocations=5790 (full 0):
 garbage-first heap   total 286720K, used 238722K [0x0000000617400000, 0x0000000800000000)
  region size 4096K, 1 young (4096K), 1 survivors (4096K)
 Metaspace       used 12063K, committed 12352K, reserved 1114112K
  class space    used 1407K, committed 1536K, reserved 1048576K
}
Event: 12813.607 GC heap before
{Heap before GC invocations=5790 (full 0):
 garbage-first heap   total 286720K, used 246914K [0x0000000617400000, 0x0000000800000000)
  region size 4096K, 3 young (12288K), 1 survivors (4096K)
 Metaspace       used 12063K, committed 12352K, reserved 1114112K
  class space    used 1407K, committed 1536K, reserved 1048576K
}
Event: 12813.613 GC heap after
{Heap after GC invocations=5791 (full 0):
 garbage-first heap   total 286720K, used 238827K [0x0000000617400000, 0x0000000800000000)
  region size 4096K, 1 young (4096K), 1 survivors (4096K)
 Metaspace       used 12063K, committed 12352K, reserved 1114112K
  class space    used 1407K, committed 1536K, reserved 1048576K
}
Event: 12815.361 GC heap before
{Heap before GC invocations=5791 (full 0):
 garbage-first heap   total 286720K, used 247019K [0x0000000617400000, 0x0000000800000000)
  region size 4096K, 3 young (12288K), 1 survivors (4096K)
 Metaspace       used 12063K, committed 12352K, reserved 1114112K
  class space    used 1407K, committed 1536K, reserved 1048576K
}
Event: 12815.368 GC heap after
{Heap after GC invocations=5792 (full 0):
 garbage-first heap   total 286720K, used 238904K [0x0000000617400000, 0x0000000800000000)
  region size 4096K, 1 young (4096K), 1 survivors (4096K)
 Metaspace       used 12063K, committed 12352K, reserved 1114112K
  class space    used 1407K, committed 1536K, reserved 1048576K
}
Event: 12817.068 GC heap before
{Heap before GC invocations=5792 (full 0):
 garbage-first heap   total 286720K, used 247096K [0x0000000617400000, 0x0000000800000000)
  region size 4096K, 3 young (12288K), 1 survivors (4096K)
 Metaspace       used 12063K, committed 12352K, reserved 1114112K
  class space    used 1407K, committed 1536K, reserved 1048576K
}
Event: 12817.073 GC heap after
{Heap after GC invocations=5793 (full 0):
 garbage-first heap   total 286720K, used 239009K [0x0000000617400000, 0x0000000800000000)
  region size 4096K, 1 young (4096K), 1 survivors (4096K)
 Metaspace       used 12063K, committed 12352K, reserved 1114112K
  class space    used 1407K, committed 1536K, reserved 1048576K
}
Event: 12818.771 GC heap before
{Heap before GC invocations=5793 (full 0):
 garbage-first heap   total 286720K, used 247201K [0x0000000617400000, 0x0000000800000000)
  region size 4096K, 3 young (12288K), 1 survivors (4096K)
 Metaspace       used 12063K, committed 12352K, reserved 1114112K
  class space    used 1407K, committed 1536K, reserved 1048576K
}
Event: 12818.777 GC heap after
{Heap after GC invocations=5794 (full 0):
 garbage-first heap   total 286720K, used 239114K [0x0000000617400000, 0x0000000800000000)
  region size 4096K, 1 young (4096K), 1 survivors (4096K)
 Metaspace       used 12063K, committed 12352K, reserved 1114112K
  class space    used 1407K, committed 1536K, reserved 1048576K
}
Event: 12820.480 GC heap before
{Heap before GC invocations=5794 (full 0):
 garbage-first heap   total 286720K, used 247306K [0x0000000617400000, 0x0000000800000000)
  region size 4096K, 3 young (12288K), 1 survivors (4096K)
 Metaspace       used 12063K, committed 12352K, reserved 1114112K
  class space    used 1407K, committed 1536K, reserved 1048576K
}
Event: 12820.487 GC heap after
{Heap after GC invocations=5795 (full 0):
 garbage-first heap   total 286720K, used 239264K [0x0000000617400000, 0x0000000800000000)
  region size 4096K, 1 young (4096K), 1 survivors (4096K)
 Metaspace       used 12063K, committed 12352K, reserved 1114112K
  class space    used 1407K, committed 1536K, reserved 1048576K
}
Event: 12822.232 GC heap before
{Heap before GC invocations=5795 (full 0):
 garbage-first heap   total 286720K, used 247456K [0x0000000617400000, 0x0000000800000000)
  region size 4096K, 3 young (12288K), 1 survivors (4096K)
 Metaspace       used 12063K, committed 12352K, reserved 1114112K
  class space    used 1407K, committed 1536K, reserved 1048576K
}
Event: 12822.238 GC heap after
{Heap after GC invocations=5796 (full 0):
 garbage-first heap   total 286720K, used 239379K [0x0000000617400000, 0x0000000800000000)
  region size 4096K, 1 young (4096K), 1 survivors (4096K)
 Metaspace       used 12063K, committed 12352K, reserved 1114112K
  class space    used 1407K, committed 1536K, reserved 1048576K
}
Event: 12823.996 GC heap before
{Heap before GC invocations=5796 (full 0):
 garbage-first heap   total 286720K, used 247571K [0x0000000617400000, 0x0000000800000000)
  region size 4096K, 3 young (12288K), 1 survivors (4096K)
 Metaspace       used 12063K, committed 12352K, reserved 1114112K
  class space    used 1407K, committed 1536K, reserved 1048576K
}
Event: 12824.000 GC heap after
{Heap after GC invocations=5797 (full 0):
 garbage-first heap   total 286720K, used 239462K [0x0000000617400000, 0x0000000800000000)
  region size 4096K, 1 young (4096K), 1 survivors (4096K)
 Metaspace       used 12063K, committed 12352K, reserved 1114112K
  class space    used 1407K, committed 1536K, reserved 1048576K
}

